<?xml version="1.0" encoding="UTF-8"?>
<testsuite xmlns:xsi="http://www.w3.org/2001/XMLSchema-instance" xsi:noNamespaceSchemaLocation="https://maven.apache.org/surefire/maven-surefire-plugin/xsd/surefire-test-report.xsd" name="fr.ufrsciencestech.panier.model.BananeTest" time="0.067" tests="7" errors="0" skipped="0" failures="7">
  <properties>
    <property name="java.specification.version" value="17"/>
    <property name="sun.cpu.isalist" value="amd64"/>
    <property name="sun.jnu.encoding" value="Cp1252"/>
    <property name="java.class.path" value="C:\Users\noaba\Documents\NetBeansProjects\Projet-Genie-Logiciel\target\test-classes;C:\Users\noaba\Documents\NetBeansProjects\Projet-Genie-Logiciel\target\classes;C:\Users\noaba\.m2\repository\junit\junit\4.13.2\junit-4.13.2.jar;C:\Users\noaba\.m2\repository\org\springframework\spring-context\2.0.5\spring-context-2.0.5.jar;C:\Users\noaba\.m2\repository\aopalliance\aopalliance\1.0\aopalliance-1.0.jar;C:\Users\noaba\.m2\repository\commons-logging\commons-logging\1.1\commons-logging-1.1.jar;C:\Users\noaba\.m2\repository\log4j\log4j\1.2.12\log4j-1.2.12.jar;C:\Users\noaba\.m2\repository\logkit\logkit\1.0.1\logkit-1.0.1.jar;C:\Users\noaba\.m2\repository\avalon-framework\avalon-framework\4.1.3\avalon-framework-4.1.3.jar;C:\Users\noaba\.m2\repository\javax\servlet\servlet-api\2.3\servlet-api-2.3.jar;C:\Users\noaba\.m2\repository\org\springframework\spring-beans\2.0.5\spring-beans-2.0.5.jar;C:\Users\noaba\.m2\repository\org\springframework\spring-core\2.0.5\spring-core-2.0.5.jar;C:\Users\noaba\.m2\repository\org\hamcrest\hamcrest-core\1.3\hamcrest-core-1.3.jar;"/>
    <property name="java.vm.vendor" value="Oracle Corporation"/>
    <property name="sun.arch.data.model" value="64"/>
    <property name="user.variant" value=""/>
    <property name="java.vendor.url" value="https://java.oracle.com/"/>
    <property name="user.timezone" value="Europe/Paris"/>
    <property name="os.name" value="Windows 10"/>
    <property name="java.vm.specification.version" value="17"/>
    <property name="user.country" value="FR"/>
    <property name="sun.java.launcher" value="SUN_STANDARD"/>
    <property name="sun.boot.library.path" value="C:\Program Files\Java\jdk-17\bin"/>
    <property name="sun.java.command" value="C:\Users\noaba\AppData\Local\Temp\surefire6420033530444381639\surefirebooter1915005060706122923.jar C:\Users\noaba\AppData\Local\Temp\surefire6420033530444381639 2023-10-10T10-46-54_924-jvmRun1 surefire9222180104397721929tmp surefire_09804198902908556840tmp"/>
    <property name="jdk.debug" value="release"/>
    <property name="test" value="fr.ufrsciencestech.panier.model.BananeTest"/>
    <property name="surefire.test.class.path" value="C:\Users\noaba\Documents\NetBeansProjects\Projet-Genie-Logiciel\target\test-classes;C:\Users\noaba\Documents\NetBeansProjects\Projet-Genie-Logiciel\target\classes;C:\Users\noaba\.m2\repository\junit\junit\4.13.2\junit-4.13.2.jar;C:\Users\noaba\.m2\repository\org\springframework\spring-context\2.0.5\spring-context-2.0.5.jar;C:\Users\noaba\.m2\repository\aopalliance\aopalliance\1.0\aopalliance-1.0.jar;C:\Users\noaba\.m2\repository\commons-logging\commons-logging\1.1\commons-logging-1.1.jar;C:\Users\noaba\.m2\repository\log4j\log4j\1.2.12\log4j-1.2.12.jar;C:\Users\noaba\.m2\repository\logkit\logkit\1.0.1\logkit-1.0.1.jar;C:\Users\noaba\.m2\repository\avalon-framework\avalon-framework\4.1.3\avalon-framework-4.1.3.jar;C:\Users\noaba\.m2\repository\javax\servlet\servlet-api\2.3\servlet-api-2.3.jar;C:\Users\noaba\.m2\repository\org\springframework\spring-beans\2.0.5\spring-beans-2.0.5.jar;C:\Users\noaba\.m2\repository\org\springframework\spring-core\2.0.5\spring-core-2.0.5.jar;C:\Users\noaba\.m2\repository\org\hamcrest\hamcrest-core\1.3\hamcrest-core-1.3.jar;"/>
    <property name="sun.cpu.endian" value="little"/>
    <property name="user.home" value="C:\Users\noaba"/>
    <property name="user.language" value="fr"/>
    <property name="java.specification.vendor" value="Oracle Corporation"/>
    <property name="java.version.date" value="2023-07-18"/>
    <property name="java.home" value="C:\Program Files\Java\jdk-17"/>
    <property name="file.separator" value="\"/>
    <property name="basedir" value="C:\Users\noaba\Documents\NetBeansProjects\Projet-Genie-Logiciel"/>
    <property name="java.vm.compressedOopsMode" value="32-bit"/>
    <property name="line.separator" value="&#10;"/>
    <property name="java.vm.specification.vendor" value="Oracle Corporation"/>
    <property name="java.specification.name" value="Java Platform API Specification"/>
    <property name="surefire.real.class.path" value="C:\Users\noaba\AppData\Local\Temp\surefire6420033530444381639\surefirebooter1915005060706122923.jar"/>
    <property name="user.script" value=""/>
    <property name="sun.management.compiler" value="HotSpot 64-Bit Tiered Compilers"/>
    <property name="java.runtime.version" value="17.0.8+9-LTS-211"/>
    <property name="user.name" value="noaba"/>
    <property name="path.separator" value=";"/>
    <property name="os.version" value="10.0"/>
    <property name="java.runtime.name" value="Java(TM) SE Runtime Environment"/>
    <property name="file.encoding" value="Cp1252"/>
    <property name="java.vm.name" value="Java HotSpot(TM) 64-Bit Server VM"/>
    <property name="maven.ext.class.path" value="C:\Program Files\NetBeans-19\netbeans\java\maven-nblib\netbeans-eventspy.jar"/>
    <property name="localRepository" value="C:\Users\noaba\.m2\repository"/>
    <property name="java.vendor.url.bug" value="https://bugreport.java.com/bugreport/"/>
    <property name="java.io.tmpdir" value="C:\Users\noaba\AppData\Local\Temp\"/>
    <property name="java.version" value="17.0.8"/>
    <property name="user.dir" value="C:\Users\noaba\Documents\NetBeansProjects\Projet-Genie-Logiciel"/>
    <property name="os.arch" value="amd64"/>
    <property name="java.vm.specification.name" value="Java Virtual Machine Specification"/>
    <property name="sun.os.patch.level" value=""/>
    <property name="native.encoding" value="Cp1252"/>
    <property name="java.library.path" value="C:\Program Files\Java\jdk-17\bin;C:\Windows\Sun\Java\bin;C:\Windows\system32;C:\Windows;C:\Program Files\Common Files\Oracle\Java\javapath;C:\Program Files (x86)\Common Files\Oracle\Java\javapath;C:\Program Files\Microsoft\jdk-11.0.12.7-hotspot\bin;C:\Windows\system32;C:\Windows;C:\Windows\System32\Wbem;C:\Windows\System32\WindowsPowerShell\v1.0\;C:\Windows\System32\OpenSSH\;C:\Program Files (x86)\NVIDIA Corporation\PhysX\Common;C:\Program Files\NVIDIA Corporation\NVIDIA NvDLISR;C;C:\Program Files\Git\cmd;C:\Program Files\nodejs\;C:\Users\noaba\AppData\Local\Microsoft\WindowsApps;C:\Users\noaba\AppData\Local\GitHubDesktop\bin;C:\Users\noaba\AppData\Local\Programs\Microsoft VS Code\bin;C:\MinGW\bin;C:\sqlite;C:\MinGW64\bin;C:\Users\noaba\AppData\Local\Programs\MiKTeX\miktex\bin\x64\;C:\Users\noaba\AppData\Roaming\npm;."/>
    <property name="java.vm.info" value="mixed mode, sharing"/>
    <property name="java.vendor" value="Oracle Corporation"/>
    <property name="java.vm.version" value="17.0.8+9-LTS-211"/>
    <property name="sun.io.unicode.encoding" value="UnicodeLittle"/>
    <property name="java.class.version" value="61.0"/>
  </properties>
  <testcase name="testToString" classname="fr.ufrsciencestech.panier.model.BananeTest" time="0.011">
    <failure message="expected:&lt;[]&gt; but was:&lt;[Bananes de Maroc a 0.5 euros]&gt;" type="org.junit.ComparisonFailure"><![CDATA[org.junit.ComparisonFailure: expected:<[]> but was:<[Bananes de Maroc a 0.5 euros]>
	at fr.ufrsciencestech.panier.model.BananeTest.testToString(BananeTest.java:110)
]]></failure>
    <system-out><![CDATA[ConstructorNull
Constructor
Constructor
toString
]]></system-out>
  </testcase>
  <testcase name="testGetOrigine" classname="fr.ufrsciencestech.panier.model.BananeTest" time="0">
    <failure message="expected:&lt;[]&gt; but was:&lt;[Maroc]&gt;" type="org.junit.ComparisonFailure"><![CDATA[org.junit.ComparisonFailure: expected:<[]> but was:<[Maroc]>
	at fr.ufrsciencestech.panier.model.BananeTest.testGetOrigine(BananeTest.java:83)
]]></failure>
    <system-out><![CDATA[ConstructorNull
Constructor
Constructor
getOrigine
]]></system-out>
  </testcase>
  <testcase name="testIsSeedless" classname="fr.ufrsciencestech.panier.model.BananeTest" time="0">
    <failure message="The test case is a prototype." type="java.lang.AssertionError">java.lang.AssertionError: The test case is a prototype.
	at fr.ufrsciencestech.panier.model.BananeTest.testIsSeedless(BananeTest.java:141)
</failure>
    <system-out><![CDATA[ConstructorNull
Constructor
Constructor
isSeedless
]]></system-out>
  </testcase>
  <testcase name="testGetPrix" classname="fr.ufrsciencestech.panier.model.BananeTest" time="0.001">
    <failure message="expected:&lt;0.0&gt; but was:&lt;0.5&gt;" type="java.lang.AssertionError"><![CDATA[java.lang.AssertionError: expected:<0.0> but was:<0.5>
	at fr.ufrsciencestech.panier.model.BananeTest.testGetPrix(BananeTest.java:52)
]]></failure>
    <system-out><![CDATA[ConstructorNull
Constructor
Constructor
getPrix
]]></system-out>
  </testcase>
  <testcase name="testSetOrigine" classname="fr.ufrsciencestech.panier.model.BananeTest" time="0">
    <failure message="The test case is a prototype." type="java.lang.AssertionError">java.lang.AssertionError: The test case is a prototype.
	at fr.ufrsciencestech.panier.model.BananeTest.testSetOrigine(BananeTest.java:98)
</failure>
    <system-out><![CDATA[ConstructorNull
Constructor
Constructor
setOrigine
]]></system-out>
  </testcase>
  <testcase name="testEquals" classname="fr.ufrsciencestech.panier.model.BananeTest" time="0.001">
    <failure message="The test case is a prototype." type="java.lang.AssertionError">java.lang.AssertionError: The test case is a prototype.
	at fr.ufrsciencestech.panier.model.BananeTest.testEquals(BananeTest.java:127)
</failure>
    <system-out><![CDATA[ConstructorNull
Constructor
Constructor
equals
]]></system-out>
  </testcase>
  <testcase name="testSetPrix" classname="fr.ufrsciencestech.panier.model.BananeTest" time="0">
    <failure message="The test case is a prototype." type="java.lang.AssertionError">java.lang.AssertionError: The test case is a prototype.
	at fr.ufrsciencestech.panier.model.BananeTest.testSetPrix(BananeTest.java:71)
</failure>
    <system-out><![CDATA[ConstructorNull
Constructor
Constructor
setPrix
]]></system-out>
  </testcase>
</testsuite>