<?xml version="1.0" encoding="UTF-8"?>
<testsuite xmlns:xsi="http://www.w3.org/2001/XMLSchema-instance" xsi:noNamespaceSchemaLocation="https://maven.apache.org/surefire/maven-surefire-plugin/xsd/surefire-test-report.xsd" name="fr.ufrsciencestech.panier.model.PanierTest" time="0.089" tests="16" errors="4" skipped="0" failures="3">
  <properties>
    <property name="java.specification.version" value="17"/>
    <property name="sun.jnu.encoding" value="UTF-8"/>
    <property name="java.class.path" value="/home/thendis/Bureau/Universite/Master1/GenieLogiciel/Projet-Genie-Logiciel/target/test-classes:/home/thendis/Bureau/Universite/Master1/GenieLogiciel/Projet-Genie-Logiciel/target/classes:/home/thendis/.m2/repository/junit/junit/4.13.2/junit-4.13.2.jar:/home/thendis/.m2/repository/org/springframework/spring-context/2.0.5/spring-context-2.0.5.jar:/home/thendis/.m2/repository/aopalliance/aopalliance/1.0/aopalliance-1.0.jar:/home/thendis/.m2/repository/commons-logging/commons-logging/1.1/commons-logging-1.1.jar:/home/thendis/.m2/repository/log4j/log4j/1.2.12/log4j-1.2.12.jar:/home/thendis/.m2/repository/logkit/logkit/1.0.1/logkit-1.0.1.jar:/home/thendis/.m2/repository/avalon-framework/avalon-framework/4.1.3/avalon-framework-4.1.3.jar:/home/thendis/.m2/repository/javax/servlet/servlet-api/2.3/servlet-api-2.3.jar:/home/thendis/.m2/repository/org/springframework/spring-beans/2.0.5/spring-beans-2.0.5.jar:/home/thendis/.m2/repository/org/springframework/spring-core/2.0.5/spring-core-2.0.5.jar:/home/thendis/.m2/repository/org/hamcrest/hamcrest-core/1.3/hamcrest-core-1.3.jar:"/>
    <property name="java.vm.vendor" value="Private Build"/>
    <property name="sun.arch.data.model" value="64"/>
    <property name="java.vendor.url" value="Unknown"/>
    <property name="os.name" value="Linux"/>
    <property name="java.vm.specification.version" value="17"/>
    <property name="sun.java.launcher" value="SUN_STANDARD"/>
    <property name="user.country" value="FR"/>
    <property name="sun.boot.library.path" value="/usr/lib/jvm/java-17-openjdk-amd64/lib"/>
    <property name="sun.java.command" value="/home/thendis/Bureau/Universite/Master1/GenieLogiciel/Projet-Genie-Logiciel/target/surefire/surefirebooter12683330712081001363.jar /home/thendis/Bureau/Universite/Master1/GenieLogiciel/Projet-Genie-Logiciel/target/surefire 2023-10-10T16-53-32_326-jvmRun1 surefire11175993226848768602tmp surefire_05714502293812355898tmp"/>
    <property name="jdk.debug" value="release"/>
    <property name="test" value="fr.ufrsciencestech.panier.model.PanierTest"/>
    <property name="surefire.test.class.path" value="/home/thendis/Bureau/Universite/Master1/GenieLogiciel/Projet-Genie-Logiciel/target/test-classes:/home/thendis/Bureau/Universite/Master1/GenieLogiciel/Projet-Genie-Logiciel/target/classes:/home/thendis/.m2/repository/junit/junit/4.13.2/junit-4.13.2.jar:/home/thendis/.m2/repository/org/springframework/spring-context/2.0.5/spring-context-2.0.5.jar:/home/thendis/.m2/repository/aopalliance/aopalliance/1.0/aopalliance-1.0.jar:/home/thendis/.m2/repository/commons-logging/commons-logging/1.1/commons-logging-1.1.jar:/home/thendis/.m2/repository/log4j/log4j/1.2.12/log4j-1.2.12.jar:/home/thendis/.m2/repository/logkit/logkit/1.0.1/logkit-1.0.1.jar:/home/thendis/.m2/repository/avalon-framework/avalon-framework/4.1.3/avalon-framework-4.1.3.jar:/home/thendis/.m2/repository/javax/servlet/servlet-api/2.3/servlet-api-2.3.jar:/home/thendis/.m2/repository/org/springframework/spring-beans/2.0.5/spring-beans-2.0.5.jar:/home/thendis/.m2/repository/org/springframework/spring-core/2.0.5/spring-core-2.0.5.jar:/home/thendis/.m2/repository/org/hamcrest/hamcrest-core/1.3/hamcrest-core-1.3.jar:"/>
    <property name="sun.cpu.endian" value="little"/>
    <property name="user.home" value="/home/thendis"/>
    <property name="user.language" value="fr"/>
    <property name="java.specification.vendor" value="Oracle Corporation"/>
    <property name="java.version.date" value="2023-08-24"/>
    <property name="java.home" value="/usr/lib/jvm/java-17-openjdk-amd64"/>
    <property name="file.separator" value="/"/>
    <property name="basedir" value="/home/thendis/Bureau/Universite/Master1/GenieLogiciel/Projet-Genie-Logiciel"/>
    <property name="java.vm.compressedOopsMode" value="32-bit"/>
    <property name="line.separator" value="&#10;"/>
    <property name="java.vm.specification.vendor" value="Oracle Corporation"/>
    <property name="java.specification.name" value="Java Platform API Specification"/>
    <property name="surefire.real.class.path" value="/home/thendis/Bureau/Universite/Master1/GenieLogiciel/Projet-Genie-Logiciel/target/surefire/surefirebooter12683330712081001363.jar"/>
    <property name="sun.management.compiler" value="HotSpot 64-Bit Tiered Compilers"/>
    <property name="java.runtime.version" value="17.0.8.1+1-Ubuntu-0ubuntu122.04"/>
    <property name="user.name" value="thendis"/>
    <property name="path.separator" value=":"/>
    <property name="os.version" value="6.2.0-34-generic"/>
    <property name="java.runtime.name" value="OpenJDK Runtime Environment"/>
    <property name="file.encoding" value="UTF-8"/>
    <property name="java.vm.name" value="OpenJDK 64-Bit Server VM"/>
    <property name="maven.ext.class.path" value="/snap/netbeans/84/netbeans/java/maven-nblib/netbeans-eventspy.jar:/snap/netbeans/84/netbeans/java/maven-nblib/netbeans-eventspy.jar"/>
    <property name="localRepository" value="/home/thendis/.m2/repository"/>
    <property name="java.vendor.url.bug" value="Unknown"/>
    <property name="java.io.tmpdir" value="/tmp"/>
    <property name="java.version" value="17.0.8.1"/>
    <property name="user.dir" value="/home/thendis/Bureau/Universite/Master1/GenieLogiciel/Projet-Genie-Logiciel"/>
    <property name="os.arch" value="amd64"/>
    <property name="java.vm.specification.name" value="Java Virtual Machine Specification"/>
    <property name="native.encoding" value="UTF-8"/>
    <property name="java.library.path" value="/usr/java/packages/lib:/usr/lib/x86_64-linux-gnu/jni:/lib/x86_64-linux-gnu:/usr/lib/x86_64-linux-gnu:/usr/lib/jni:/lib:/usr/lib"/>
    <property name="java.vm.info" value="mixed mode, sharing"/>
    <property name="java.vendor" value="Private Build"/>
    <property name="java.vm.version" value="17.0.8.1+1-Ubuntu-0ubuntu122.04"/>
    <property name="sun.io.unicode.encoding" value="UnicodeLittle"/>
    <property name="java.class.version" value="61.0"/>
  </properties>
  <testcase name="testBoycotteOrigine" classname="fr.ufrsciencestech.panier.model.PanierTest" time="0.011">
    <error type="java.util.ConcurrentModificationException">java.util.ConcurrentModificationException
	at fr.ufrsciencestech.panier.model.PanierTest.testBoycotteOrigine(PanierTest.java:308)
</error>
  </testcase>
  <testcase name="testEstVide" classname="fr.ufrsciencestech.panier.model.PanierTest" time="0"/>
  <testcase name="testNotifyUpdate" classname="fr.ufrsciencestech.panier.model.PanierTest" time="0.003">
    <error message="Cannot invoke &quot;fr.ufrsciencestech.panier.model.Panier.notifyUpdate()&quot; because &quot;instance&quot; is null" type="java.lang.NullPointerException">java.lang.NullPointerException: Cannot invoke "fr.ufrsciencestech.panier.model.Panier.notifyUpdate()" because "instance" is null
	at fr.ufrsciencestech.panier.model.PanierTest.testNotifyUpdate(PanierTest.java:338)
</error>
    <system-out><![CDATA[notifyUpdate
]]></system-out>
  </testcase>
  <testcase name="testGetFruit" classname="fr.ufrsciencestech.panier.model.PanierTest" time="0"/>
  <testcase name="testGetContenanceMax" classname="fr.ufrsciencestech.panier.model.PanierTest" time="0"/>
  <testcase name="testEstPlein" classname="fr.ufrsciencestech.panier.model.PanierTest" time="0"/>
  <testcase name="testAjout" classname="fr.ufrsciencestech.panier.model.PanierTest" time="0"/>
  <testcase name="testToString" classname="fr.ufrsciencestech.panier.model.PanierTest" time="0"/>
  <testcase name="testGetPrix" classname="fr.ufrsciencestech.panier.model.PanierTest" time="0.002">
    <failure message="expected:&lt;7.0&gt; but was:&lt;6.0&gt;" type="java.lang.AssertionError"><![CDATA[java.lang.AssertionError: expected:<7.0> but was:<6.0>
	at fr.ufrsciencestech.panier.model.PanierTest.testGetPrix(PanierTest.java:298)
]]></failure>
  </testcase>
  <testcase name="testRetrait" classname="fr.ufrsciencestech.panier.model.PanierTest" time="0"/>
  <testcase name="testSetFruits" classname="fr.ufrsciencestech.panier.model.PanierTest" time="0.001">
    <failure message="expected:&lt;[Poire de uno a 0.5 euros, Poire de dos a 0.5 euros, Poire de uno a 0.5 euros]&gt; but was:&lt;[Poire de uno a 0.5 euros]&gt;" type="java.lang.AssertionError"><![CDATA[java.lang.AssertionError: expected:<[Poire de uno a 0.5 euros, Poire de dos a 0.5 euros, Poire de uno a 0.5 euros]> but was:<[Poire de uno a 0.5 euros]>
	at fr.ufrsciencestech.panier.model.PanierTest.testSetFruits(PanierTest.java:138)
]]></failure>
  </testcase>
  <testcase name="testGetTaillePanier" classname="fr.ufrsciencestech.panier.model.PanierTest" time="0.001"/>
  <testcase name="testGetFruits" classname="fr.ufrsciencestech.panier.model.PanierTest" time="0"/>
  <testcase name="testEquals" classname="fr.ufrsciencestech.panier.model.PanierTest" time="0.001">
    <error message="Cannot invoke &quot;fr.ufrsciencestech.panier.model.Panier.equals(Object)&quot; because &quot;instance&quot; is null" type="java.lang.NullPointerException">java.lang.NullPointerException: Cannot invoke "fr.ufrsciencestech.panier.model.Panier.equals(Object)" because "instance" is null
	at fr.ufrsciencestech.panier.model.PanierTest.testEquals(PanierTest.java:325)
</error>
    <system-out><![CDATA[equals
]]></system-out>
  </testcase>
  <testcase name="testUpdate" classname="fr.ufrsciencestech.panier.model.PanierTest" time="0.001">
    <failure message="Une IllegalArgumentException devrait être levée" type="java.lang.AssertionError">java.lang.AssertionError: Une IllegalArgumentException devrait être levée
	at fr.ufrsciencestech.panier.model.PanierTest.testUpdate(PanierTest.java:367)
</failure>
  </testcase>
  <testcase name="testSetFruit" classname="fr.ufrsciencestech.panier.model.PanierTest" time="0.003">
    <error message="Index 1 out of bounds for length 1" type="java.lang.IndexOutOfBoundsException">java.lang.IndexOutOfBoundsException: Index 1 out of bounds for length 1
	at fr.ufrsciencestech.panier.model.PanierTest.testSetFruit(PanierTest.java:207)
</error>
  </testcase>
</testsuite>