<?xml version="1.0" encoding="UTF-8"?>
<testsuite xmlns:xsi="http://www.w3.org/2001/XMLSchema-instance" xsi:noNamespaceSchemaLocation="https://maven.apache.org/surefire/maven-surefire-plugin/xsd/surefire-test-report.xsd" name="fr.ufrsciencestech.panier.model.BananeTest" time="0.047" tests="7" errors="0" skipped="0" failures="7">
  <properties>
    <property name="java.specification.version" value="15"/>
    <property name="sun.cpu.isalist" value="amd64"/>
    <property name="sun.jnu.encoding" value="Cp1252"/>
    <property name="java.class.path" value="E:\Bureau\Université\M1\S7\Projets\Projet-Genie-Logiciel\target\test-classes;E:\Bureau\Université\M1\S7\Projets\Projet-Genie-Logiciel\target\classes;C:\Users\eddin\.m2\repository\junit\junit\4.13.2\junit-4.13.2.jar;C:\Users\eddin\.m2\repository\org\springframework\spring-context\2.0.5\spring-context-2.0.5.jar;C:\Users\eddin\.m2\repository\aopalliance\aopalliance\1.0\aopalliance-1.0.jar;C:\Users\eddin\.m2\repository\commons-logging\commons-logging\1.1\commons-logging-1.1.jar;C:\Users\eddin\.m2\repository\log4j\log4j\1.2.12\log4j-1.2.12.jar;C:\Users\eddin\.m2\repository\logkit\logkit\1.0.1\logkit-1.0.1.jar;C:\Users\eddin\.m2\repository\avalon-framework\avalon-framework\4.1.3\avalon-framework-4.1.3.jar;C:\Users\eddin\.m2\repository\javax\servlet\servlet-api\2.3\servlet-api-2.3.jar;C:\Users\eddin\.m2\repository\org\springframework\spring-beans\2.0.5\spring-beans-2.0.5.jar;C:\Users\eddin\.m2\repository\org\springframework\spring-core\2.0.5\spring-core-2.0.5.jar;C:\Users\eddin\.m2\repository\org\hamcrest\hamcrest-core\1.3\hamcrest-core-1.3.jar;"/>
    <property name="java.vm.vendor" value="Oracle Corporation"/>
    <property name="sun.arch.data.model" value="64"/>
    <property name="user.variant" value=""/>
    <property name="java.vendor.url" value="https://java.oracle.com/"/>
    <property name="user.timezone" value="Europe/Paris"/>
    <property name="os.name" value="Windows 10"/>
    <property name="java.vm.specification.version" value="15"/>
    <property name="user.country" value="FR"/>
    <property name="sun.java.launcher" value="SUN_STANDARD"/>
    <property name="sun.boot.library.path" value="C:\Program Files\Java\jdk-15.0.1\bin"/>
    <property name="sun.java.command" value="E:\TMP\Temp\surefire5232561297486807760\surefirebooter7331686204480973714.jar E:\TMP\Temp\surefire5232561297486807760 2023-10-08T10-40-49_894-jvmRun1 surefire2841194686322995359tmp surefire_017311809838645714454tmp"/>
    <property name="jdk.debug" value="release"/>
    <property name="test" value="fr.ufrsciencestech.panier.model.BananeTest"/>
    <property name="surefire.test.class.path" value="E:\Bureau\Université\M1\S7\Projets\Projet-Genie-Logiciel\target\test-classes;E:\Bureau\Université\M1\S7\Projets\Projet-Genie-Logiciel\target\classes;C:\Users\eddin\.m2\repository\junit\junit\4.13.2\junit-4.13.2.jar;C:\Users\eddin\.m2\repository\org\springframework\spring-context\2.0.5\spring-context-2.0.5.jar;C:\Users\eddin\.m2\repository\aopalliance\aopalliance\1.0\aopalliance-1.0.jar;C:\Users\eddin\.m2\repository\commons-logging\commons-logging\1.1\commons-logging-1.1.jar;C:\Users\eddin\.m2\repository\log4j\log4j\1.2.12\log4j-1.2.12.jar;C:\Users\eddin\.m2\repository\logkit\logkit\1.0.1\logkit-1.0.1.jar;C:\Users\eddin\.m2\repository\avalon-framework\avalon-framework\4.1.3\avalon-framework-4.1.3.jar;C:\Users\eddin\.m2\repository\javax\servlet\servlet-api\2.3\servlet-api-2.3.jar;C:\Users\eddin\.m2\repository\org\springframework\spring-beans\2.0.5\spring-beans-2.0.5.jar;C:\Users\eddin\.m2\repository\org\springframework\spring-core\2.0.5\spring-core-2.0.5.jar;C:\Users\eddin\.m2\repository\org\hamcrest\hamcrest-core\1.3\hamcrest-core-1.3.jar;"/>
    <property name="sun.cpu.endian" value="little"/>
    <property name="user.home" value="C:\Users\eddin"/>
    <property name="user.language" value="fr"/>
    <property name="java.specification.vendor" value="Oracle Corporation"/>
    <property name="java.version.date" value="2020-10-20"/>
    <property name="java.home" value="C:\Program Files\Java\jdk-15.0.1"/>
    <property name="file.separator" value="\"/>
    <property name="basedir" value="E:\Bureau\Université\M1\S7\Projets\Projet-Genie-Logiciel"/>
    <property name="java.vm.compressedOopsMode" value="Zero based"/>
    <property name="line.separator" value="&#10;"/>
    <property name="java.vm.specification.vendor" value="Oracle Corporation"/>
    <property name="java.specification.name" value="Java Platform API Specification"/>
    <property name="surefire.real.class.path" value="E:\TMP\Temp\surefire5232561297486807760\surefirebooter7331686204480973714.jar"/>
    <property name="user.script" value=""/>
    <property name="sun.management.compiler" value="HotSpot 64-Bit Tiered Compilers"/>
    <property name="java.runtime.version" value="15.0.1+9-18"/>
    <property name="user.name" value="eddin"/>
    <property name="path.separator" value=";"/>
    <property name="os.version" value="10.0"/>
    <property name="java.runtime.name" value="OpenJDK Runtime Environment"/>
    <property name="file.encoding" value="UTF-8"/>
    <property name="java.vm.name" value="OpenJDK 64-Bit Server VM"/>
    <property name="maven.ext.class.path" value="G:\IDE\Netbeans\NetBeans-12.2\netbeans\java\maven-nblib\netbeans-eventspy.jar;G:\IDE\Netbeans\NetBeans-12.2\netbeans\java\maven-nblib\netbeans-eventspy.jar"/>
    <property name="localRepository" value="C:\Users\eddin\.m2\repository"/>
    <property name="java.vendor.url.bug" value="https://bugreport.java.com/bugreport/"/>
    <property name="java.io.tmpdir" value="E:\TMP\Temp\"/>
    <property name="java.version" value="15.0.1"/>
    <property name="user.dir" value="E:\Bureau\Université\M1\S7\Projets\Projet-Genie-Logiciel"/>
    <property name="os.arch" value="amd64"/>
    <property name="java.vm.specification.name" value="Java Virtual Machine Specification"/>
    <property name="sun.os.patch.level" value=""/>
    <property name="java.library.path" value="C:\Program Files\Java\jdk-15.0.1\bin;C:\WINDOWS\Sun\Java\bin;C:\WINDOWS\system32;C:\WINDOWS;C:\Program Files (x86)\Common Files\Oracle\Java\javapath;C:\WINDOWS\system32;C:\WINDOWS;C:\WINDOWS\System32\Wbem;C:\WINDOWS\System32\WindowsPowerShell\v1.0\;C:\WINDOWS\System32\OpenSSH\;C:\Program Files\NVIDIA Corporation\NVIDIA NvDLISR;C:\Program Files (x86)\dotnet\;E:\Program Files (x86)\Git\cmd;C:\Users\eddin\AppData\Local\Microsoft\WindowsApps;C:\Users\eddin\.dotnet\tools;&quot;C:\WINDOWS\system32;C:\WINDOWS;C:\WINDOWS\System32\Wbem;C:\WINDOWS\System32\WindowsPowerShell\v1.0\&quot;;G:\IDE\VisualStudio\Microsoft VS Code\bin;E:\Program Files (x86)\Git\usr\bin;C:\Program Files\Java\jdk-18.0.1.1\bin;C:\Program Files\Java\jre1.8.0_331\bin;C:\Program Files\Java\jdk-15.0.1\bin;C:\mesScripts;."/>
    <property name="java.vm.info" value="mixed mode, sharing"/>
    <property name="java.vendor" value="Oracle Corporation"/>
    <property name="java.vm.version" value="15.0.1+9-18"/>
    <property name="sun.io.unicode.encoding" value="UnicodeLittle"/>
    <property name="java.class.version" value="59.0"/>
  </properties>
  <testcase name="testToString" classname="fr.ufrsciencestech.panier.model.BananeTest" time="0.006">
    <failure message="expected:&lt;0.5&gt; but was:&lt;0.6&gt;" type="java.lang.AssertionError"><![CDATA[java.lang.AssertionError: expected:<0.5> but was:<0.6>
	at fr.ufrsciencestech.panier.model.BananeTest.<init>(BananeTest.java:31)
]]></failure>
    <system-out><![CDATA[ConstructorNull
Constructor
]]></system-out>
  </testcase>
  <testcase name="testGetOrigine" classname="fr.ufrsciencestech.panier.model.BananeTest" time="0">
    <failure message="expected:&lt;0.5&gt; but was:&lt;0.6&gt;" type="java.lang.AssertionError"><![CDATA[java.lang.AssertionError: expected:<0.5> but was:<0.6>
	at fr.ufrsciencestech.panier.model.BananeTest.<init>(BananeTest.java:31)
]]></failure>
    <system-out><![CDATA[ConstructorNull
Constructor
]]></system-out>
  </testcase>
  <testcase name="testIsSeedless" classname="fr.ufrsciencestech.panier.model.BananeTest" time="0">
    <failure message="expected:&lt;0.5&gt; but was:&lt;0.6&gt;" type="java.lang.AssertionError"><![CDATA[java.lang.AssertionError: expected:<0.5> but was:<0.6>
	at fr.ufrsciencestech.panier.model.BananeTest.<init>(BananeTest.java:31)
]]></failure>
    <system-out><![CDATA[ConstructorNull
Constructor
]]></system-out>
  </testcase>
  <testcase name="testGetPrix" classname="fr.ufrsciencestech.panier.model.BananeTest" time="0.001">
    <failure message="expected:&lt;0.5&gt; but was:&lt;0.6&gt;" type="java.lang.AssertionError"><![CDATA[java.lang.AssertionError: expected:<0.5> but was:<0.6>
	at fr.ufrsciencestech.panier.model.BananeTest.<init>(BananeTest.java:31)
]]></failure>
    <system-out><![CDATA[ConstructorNull
Constructor
]]></system-out>
  </testcase>
  <testcase name="testSetOrigine" classname="fr.ufrsciencestech.panier.model.BananeTest" time="0">
    <failure message="expected:&lt;0.5&gt; but was:&lt;0.6&gt;" type="java.lang.AssertionError"><![CDATA[java.lang.AssertionError: expected:<0.5> but was:<0.6>
	at fr.ufrsciencestech.panier.model.BananeTest.<init>(BananeTest.java:31)
]]></failure>
    <system-out><![CDATA[ConstructorNull
Constructor
]]></system-out>
  </testcase>
  <testcase name="testEquals" classname="fr.ufrsciencestech.panier.model.BananeTest" time="0.001">
    <failure message="expected:&lt;0.5&gt; but was:&lt;0.6&gt;" type="java.lang.AssertionError"><![CDATA[java.lang.AssertionError: expected:<0.5> but was:<0.6>
	at fr.ufrsciencestech.panier.model.BananeTest.<init>(BananeTest.java:31)
]]></failure>
    <system-out><![CDATA[ConstructorNull
Constructor
]]></system-out>
  </testcase>
  <testcase name="testSetPrix" classname="fr.ufrsciencestech.panier.model.BananeTest" time="0">
    <failure message="expected:&lt;0.5&gt; but was:&lt;0.6&gt;" type="java.lang.AssertionError"><![CDATA[java.lang.AssertionError: expected:<0.5> but was:<0.6>
	at fr.ufrsciencestech.panier.model.BananeTest.<init>(BananeTest.java:31)
]]></failure>
    <system-out><![CDATA[ConstructorNull
Constructor
]]></system-out>
  </testcase>
</testsuite>