<?xml version="1.0" encoding="UTF-8"?>
<testsuite xmlns:xsi="http://www.w3.org/2001/XMLSchema-instance" xsi:noNamespaceSchemaLocation="https://maven.apache.org/surefire/maven-surefire-plugin/xsd/surefire-test-report.xsd" name="fr.ufrsciencestech.panier.model.PanierTest" time="0.072" tests="1" errors="0" skipped="0" failures="0">
  <properties>
    <property name="java.specification.version" value="17"/>
    <property name="sun.jnu.encoding" value="UTF-8"/>
    <property name="java.class.path" value="/home/thendis/Bureau/Universite/Master1/GenieLogiciel/Projet-Genie-Logiciel/target/test-classes:/home/thendis/Bureau/Universite/Master1/GenieLogiciel/Projet-Genie-Logiciel/target/classes:/home/thendis/.m2/repository/junit/junit/4.13.2/junit-4.13.2.jar:/home/thendis/.m2/repository/org/springframework/spring-context/2.0.5/spring-context-2.0.5.jar:/home/thendis/.m2/repository/aopalliance/aopalliance/1.0/aopalliance-1.0.jar:/home/thendis/.m2/repository/commons-logging/commons-logging/1.1/commons-logging-1.1.jar:/home/thendis/.m2/repository/log4j/log4j/1.2.12/log4j-1.2.12.jar:/home/thendis/.m2/repository/logkit/logkit/1.0.1/logkit-1.0.1.jar:/home/thendis/.m2/repository/avalon-framework/avalon-framework/4.1.3/avalon-framework-4.1.3.jar:/home/thendis/.m2/repository/javax/servlet/servlet-api/2.3/servlet-api-2.3.jar:/home/thendis/.m2/repository/org/springframework/spring-beans/2.0.5/spring-beans-2.0.5.jar:/home/thendis/.m2/repository/org/springframework/spring-core/2.0.5/spring-core-2.0.5.jar:/home/thendis/.m2/repository/org/hamcrest/hamcrest-core/1.3/hamcrest-core-1.3.jar:"/>
    <property name="java.vm.vendor" value="Private Build"/>
    <property name="sun.arch.data.model" value="64"/>
    <property name="java.vendor.url" value="Unknown"/>
    <property name="os.name" value="Linux"/>
    <property name="java.vm.specification.version" value="17"/>
    <property name="sun.java.launcher" value="SUN_STANDARD"/>
    <property name="user.country" value="FR"/>
    <property name="sun.boot.library.path" value="/usr/lib/jvm/java-17-openjdk-amd64/lib"/>
    <property name="sun.java.command" value="/home/thendis/Bureau/Universite/Master1/GenieLogiciel/Projet-Genie-Logiciel/target/surefire/surefirebooter14771138408142961029.jar /home/thendis/Bureau/Universite/Master1/GenieLogiciel/Projet-Genie-Logiciel/target/surefire 2023-10-17T13-53-36_990-jvmRun1 surefire17278043221789799188tmp surefire_010045024869718334589tmp"/>
    <property name="jdk.debug" value="release"/>
    <property name="test" value="fr.ufrsciencestech.panier.model.PanierTest#testBoycotteOrigine"/>
    <property name="surefire.test.class.path" value="/home/thendis/Bureau/Universite/Master1/GenieLogiciel/Projet-Genie-Logiciel/target/test-classes:/home/thendis/Bureau/Universite/Master1/GenieLogiciel/Projet-Genie-Logiciel/target/classes:/home/thendis/.m2/repository/junit/junit/4.13.2/junit-4.13.2.jar:/home/thendis/.m2/repository/org/springframework/spring-context/2.0.5/spring-context-2.0.5.jar:/home/thendis/.m2/repository/aopalliance/aopalliance/1.0/aopalliance-1.0.jar:/home/thendis/.m2/repository/commons-logging/commons-logging/1.1/commons-logging-1.1.jar:/home/thendis/.m2/repository/log4j/log4j/1.2.12/log4j-1.2.12.jar:/home/thendis/.m2/repository/logkit/logkit/1.0.1/logkit-1.0.1.jar:/home/thendis/.m2/repository/avalon-framework/avalon-framework/4.1.3/avalon-framework-4.1.3.jar:/home/thendis/.m2/repository/javax/servlet/servlet-api/2.3/servlet-api-2.3.jar:/home/thendis/.m2/repository/org/springframework/spring-beans/2.0.5/spring-beans-2.0.5.jar:/home/thendis/.m2/repository/org/springframework/spring-core/2.0.5/spring-core-2.0.5.jar:/home/thendis/.m2/repository/org/hamcrest/hamcrest-core/1.3/hamcrest-core-1.3.jar:"/>
    <property name="sun.cpu.endian" value="little"/>
    <property name="user.home" value="/home/thendis"/>
    <property name="user.language" value="fr"/>
    <property name="java.specification.vendor" value="Oracle Corporation"/>
    <property name="java.version.date" value="2023-08-24"/>
    <property name="java.home" value="/usr/lib/jvm/java-17-openjdk-amd64"/>
    <property name="file.separator" value="/"/>
    <property name="basedir" value="/home/thendis/Bureau/Universite/Master1/GenieLogiciel/Projet-Genie-Logiciel"/>
    <property name="java.vm.compressedOopsMode" value="32-bit"/>
    <property name="line.separator" value="&#10;"/>
    <property name="java.vm.specification.vendor" value="Oracle Corporation"/>
    <property name="java.specification.name" value="Java Platform API Specification"/>
    <property name="surefire.real.class.path" value="/home/thendis/Bureau/Universite/Master1/GenieLogiciel/Projet-Genie-Logiciel/target/surefire/surefirebooter14771138408142961029.jar"/>
    <property name="sun.management.compiler" value="HotSpot 64-Bit Tiered Compilers"/>
    <property name="java.runtime.version" value="17.0.8.1+1-Ubuntu-0ubuntu122.04"/>
    <property name="user.name" value="thendis"/>
    <property name="path.separator" value=":"/>
    <property name="os.version" value="6.2.0-34-generic"/>
    <property name="java.runtime.name" value="OpenJDK Runtime Environment"/>
    <property name="file.encoding" value="UTF-8"/>
    <property name="java.vm.name" value="OpenJDK 64-Bit Server VM"/>
    <property name="maven.ext.class.path" value="/snap/netbeans/84/netbeans/java/maven-nblib/netbeans-eventspy.jar:/snap/netbeans/84/netbeans/java/maven-nblib/netbeans-eventspy.jar"/>
    <property name="localRepository" value="/home/thendis/.m2/repository"/>
    <property name="java.vendor.url.bug" value="Unknown"/>
    <property name="java.io.tmpdir" value="/tmp"/>
    <property name="java.version" value="17.0.8.1"/>
    <property name="user.dir" value="/home/thendis/Bureau/Universite/Master1/GenieLogiciel/Projet-Genie-Logiciel"/>
    <property name="os.arch" value="amd64"/>
    <property name="java.vm.specification.name" value="Java Virtual Machine Specification"/>
    <property name="native.encoding" value="UTF-8"/>
    <property name="java.library.path" value="/usr/java/packages/lib:/usr/lib/x86_64-linux-gnu/jni:/lib/x86_64-linux-gnu:/usr/lib/x86_64-linux-gnu:/usr/lib/jni:/lib:/usr/lib"/>
    <property name="java.vm.info" value="mixed mode, sharing"/>
    <property name="java.vendor" value="Private Build"/>
    <property name="java.vm.version" value="17.0.8.1+1-Ubuntu-0ubuntu122.04"/>
    <property name="sun.io.unicode.encoding" value="UnicodeLittle"/>
    <property name="java.class.version" value="61.0"/>
  </properties>
  <testcase name="testBoycotteOrigine" classname="fr.ufrsciencestech.panier.model.PanierTest" time="0.005"/>
</testsuite>