<?xml version="1.0" encoding="UTF-8"?>
<testsuite xmlns:xsi="http://www.w3.org/2001/XMLSchema-instance" xsi:noNamespaceSchemaLocation="https://maven.apache.org/surefire/maven-surefire-plugin/xsd/surefire-test-report.xsd" name="fr.ufrsciencestech.panier.view.VueGSwingTest" time="0.574" tests="4" errors="0" skipped="0" failures="0">
  <properties>
    <property name="java.specification.version" value="17"/>
    <property name="sun.jnu.encoding" value="UTF-8"/>
    <property name="java.class.path" value="/home1/nb654417/NetBeansProjects/TPGL/Panier/target/test-classes:/home1/nb654417/NetBeansProjects/TPGL/Panier/target/classes:/home1/nb654417/.m2/repository/junit/junit/4.11/junit-4.11.jar:/home1/nb654417/.m2/repository/org/hamcrest/hamcrest-core/1.3/hamcrest-core-1.3.jar:/home1/nb654417/.m2/repository/org/springframework/spring-context/2.0.5/spring-context-2.0.5.jar:/home1/nb654417/.m2/repository/aopalliance/aopalliance/1.0/aopalliance-1.0.jar:/home1/nb654417/.m2/repository/commons-logging/commons-logging/1.1/commons-logging-1.1.jar:/home1/nb654417/.m2/repository/log4j/log4j/1.2.12/log4j-1.2.12.jar:/home1/nb654417/.m2/repository/logkit/logkit/1.0.1/logkit-1.0.1.jar:/home1/nb654417/.m2/repository/avalon-framework/avalon-framework/4.1.3/avalon-framework-4.1.3.jar:/home1/nb654417/.m2/repository/javax/servlet/servlet-api/2.3/servlet-api-2.3.jar:/home1/nb654417/.m2/repository/org/springframework/spring-beans/2.0.5/spring-beans-2.0.5.jar:/home1/nb654417/.m2/repository/org/springframework/spring-core/2.0.5/spring-core-2.0.5.jar:"/>
    <property name="java.vm.vendor" value="Debian"/>
    <property name="sun.arch.data.model" value="64"/>
    <property name="java.vendor.url" value="https://tracker.debian.org/openjdk-17"/>
    <property name="os.name" value="Linux"/>
    <property name="java.vm.specification.version" value="17"/>
    <property name="sun.java.launcher" value="SUN_STANDARD"/>
    <property name="user.country" value="FR"/>
    <property name="sun.boot.library.path" value="/usr/lib/jvm/java-17-openjdk-amd64/lib"/>
    <property name="sun.java.command" value="/home1/nb654417/NetBeansProjects/TPGL/Panier/target/surefire/surefirebooter1124711735378583951.jar /home7/nb654417/NetBeansProjects/TPGL/Panier/target/surefire 2023-09-26T11-51-13_602-jvmRun1 surefire1673721922980870434tmp surefire_017368555903408614756tmp"/>
    <property name="jdk.debug" value="release"/>
    <property name="surefire.test.class.path" value="/home1/nb654417/NetBeansProjects/TPGL/Panier/target/test-classes:/home1/nb654417/NetBeansProjects/TPGL/Panier/target/classes:/home1/nb654417/.m2/repository/junit/junit/4.11/junit-4.11.jar:/home1/nb654417/.m2/repository/org/hamcrest/hamcrest-core/1.3/hamcrest-core-1.3.jar:/home1/nb654417/.m2/repository/org/springframework/spring-context/2.0.5/spring-context-2.0.5.jar:/home1/nb654417/.m2/repository/aopalliance/aopalliance/1.0/aopalliance-1.0.jar:/home1/nb654417/.m2/repository/commons-logging/commons-logging/1.1/commons-logging-1.1.jar:/home1/nb654417/.m2/repository/log4j/log4j/1.2.12/log4j-1.2.12.jar:/home1/nb654417/.m2/repository/logkit/logkit/1.0.1/logkit-1.0.1.jar:/home1/nb654417/.m2/repository/avalon-framework/avalon-framework/4.1.3/avalon-framework-4.1.3.jar:/home1/nb654417/.m2/repository/javax/servlet/servlet-api/2.3/servlet-api-2.3.jar:/home1/nb654417/.m2/repository/org/springframework/spring-beans/2.0.5/spring-beans-2.0.5.jar:/home1/nb654417/.m2/repository/org/springframework/spring-core/2.0.5/spring-core-2.0.5.jar:"/>
    <property name="sun.cpu.endian" value="little"/>
    <property name="user.home" value="/home1/nb654417"/>
    <property name="user.language" value="fr"/>
    <property name="java.specification.vendor" value="Oracle Corporation"/>
    <property name="java.version.date" value="2023-07-18"/>
    <property name="java.home" value="/usr/lib/jvm/java-17-openjdk-amd64"/>
    <property name="file.separator" value="/"/>
    <property name="basedir" value="/home1/nb654417/NetBeansProjects/TPGL/Panier"/>
    <property name="java.vm.compressedOopsMode" value="Zero based"/>
    <property name="line.separator" value="&#10;"/>
    <property name="java.vm.specification.vendor" value="Oracle Corporation"/>
    <property name="java.specification.name" value="Java Platform API Specification"/>
    <property name="surefire.real.class.path" value="/home1/nb654417/NetBeansProjects/TPGL/Panier/target/surefire/surefirebooter1124711735378583951.jar"/>
    <property name="sun.management.compiler" value="HotSpot 64-Bit Tiered Compilers"/>
    <property name="java.runtime.version" value="17.0.8+7-Debian-1deb12u1"/>
    <property name="user.name" value="nb654417"/>
    <property name="path.separator" value=":"/>
    <property name="os.version" value="6.1.0-12-amd64"/>
    <property name="java.runtime.name" value="OpenJDK Runtime Environment"/>
    <property name="file.encoding" value="UTF-8"/>
    <property name="java.vm.name" value="OpenJDK 64-Bit Server VM"/>
    <property name="maven.ext.class.path" value="/usr/gide/netbeans-14/java/maven-nblib/netbeans-eventspy.jar:/usr/gide/netbeans-14/java/maven-nblib/netbeans-eventspy.jar"/>
    <property name="localRepository" value="/home1/nb654417/.m2/repository"/>
    <property name="java.vendor.url.bug" value="https://bugs.debian.org/openjdk-17"/>
    <property name="java.io.tmpdir" value="/tmp"/>
    <property name="java.version" value="17.0.8"/>
    <property name="user.dir" value="/home1/nb654417/NetBeansProjects/TPGL/Panier"/>
    <property name="os.arch" value="amd64"/>
    <property name="java.vm.specification.name" value="Java Virtual Machine Specification"/>
    <property name="native.encoding" value="UTF-8"/>
    <property name="java.library.path" value="/usr/java/packages/lib:/usr/lib/x86_64-linux-gnu/jni:/lib/x86_64-linux-gnu:/usr/lib/x86_64-linux-gnu:/usr/lib/jni:/lib:/usr/lib"/>
    <property name="java.vm.info" value="mixed mode, sharing"/>
    <property name="java.vendor" value="Debian"/>
    <property name="java.vm.version" value="17.0.8+7-Debian-1deb12u1"/>
    <property name="sun.io.unicode.encoding" value="UnicodeLittle"/>
    <property name="java.class.version" value="61.0"/>
  </properties>
  <testcase name="testIncr" classname="fr.ufrsciencestech.panier.view.VueGSwingTest" time="0.317"/>
  <testcase name="testDecrOk" classname="fr.ufrsciencestech.panier.view.VueGSwingTest" time="0.151"/>
  <testcase name="testDecrZero" classname="fr.ufrsciencestech.panier.view.VueGSwingTest" time="0.1"/>
  <testcase name="testUpdate" classname="fr.ufrsciencestech.panier.view.VueGSwingTest" time="0.005"/>
</testsuite>